<?xml version="1.0" encoding="UTF-8"?>
<!-- Generated by org.testng.reporters.JUnitReportReporter -->
<testsuite hostname="MacBook-Pro16" failures="0" tests="4" name="HttpMethods_RestAssured.Authorization_test" time="3.453" errors="0" timestamp="2024-08-22T08:55:42 EDT" skipped="0">
  <testcase classname="HttpMethods_RestAssured.Authorization_test" name="authorization_Basic" time="2.943"/>
  <testcase classname="HttpMethods_RestAssured.Authorization_test" name="authorization_Digest" time="0.159"/>
  <testcase classname="HttpMethods_RestAssured.Authorization_test" name="authorization_Preemptive" time="0.166"/>
  <testcase classname="HttpMethods_RestAssured.Authorization_test" name="authorization_bearerToken" time="0.185"/>
</testsuite> <!-- HttpMethods_RestAssured.Authorization_test -->
