<?xml version="1.0" encoding="UTF-8"?>
<!-- Generated by org.testng.reporters.JUnitReportReporter -->
<testsuite hostname="MacBook-Pro16" failures="0" tests="4" name="HttpMethods_RestAssured.HttpMethods" time="3.402" errors="0" timestamp="2024-08-16T15:52:16 EDT" skipped="0">
  <testcase classname="HttpMethods_RestAssured.HttpMethods" name="getUsers" time="2.218"/>
  <testcase classname="HttpMethods_RestAssured.HttpMethods" name="createUser" time="0.607"/>
  <testcase classname="HttpMethods_RestAssured.HttpMethods" name="updateUser" time="0.250"/>
  <testcase classname="HttpMethods_RestAssured.HttpMethods" name="deleteUser" time="0.327"/>
</testsuite> <!-- HttpMethods_RestAssured.HttpMethods -->
