<?xml version="1.0" encoding="UTF-8"?>
<!-- Generated by org.testng.reporters.JUnitReportReporter -->
<testsuite hostname="MacBook-Pro16" failures="0" tests="1" name="HttpMethods_RestAssured.getHeaders" time="2.190" errors="0" timestamp="2024-08-18T21:59:24 EDT" skipped="0">
  <testcase classname="HttpMethods_RestAssured.getHeaders" name="getHeaders" time="2.190"/>
</testsuite> <!-- HttpMethods_RestAssured.getHeaders -->
