<?xml version="1.0" encoding="UTF-8"?>
<!-- Generated by org.testng.reporters.JUnitReportReporter -->
<testsuite hostname="MacBook-Pro16" failures="0" tests="1" name="HttpMethods_RestAssured.faker_test" time="0.279" errors="0" timestamp="2024-08-26T15:30:56 EDT" skipped="0">
  <testcase classname="HttpMethods_RestAssured.faker_test" name="generate_RandomData" time="0.279"/>
</testsuite> <!-- HttpMethods_RestAssured.faker_test -->
