<?xml version="1.0" encoding="UTF-8"?>
<!-- Generated by org.testng.reporters.JUnitReportReporter -->
<testsuite hostname="MacBook-Pro16" failures="0" tests="1" name="HttpMethods_RestAssured.StudenAPi_ParsingPostRequest" time="1.807" errors="0" timestamp="2024-08-22T09:42:10 EDT" skipped="0">
  <testcase classname="HttpMethods_RestAssured.StudenAPi_ParsingPostRequest" name="parsingjsonObject" time="1.807"/>
</testsuite> <!-- HttpMethods_RestAssured.StudenAPi_ParsingPostRequest -->
