<?xml version="1.0" encoding="UTF-8"?>
<!-- Generated by org.testng.reporters.JUnitReportReporter -->
<testsuite hostname="MacBook-Pro16" failures="0" tests="1" name="HttpMethods_RestAssured.jsonSchema_Validator" time="2.462" errors="0" timestamp="2024-08-20T22:44:15 EDT" skipped="0">
  <testcase classname="HttpMethods_RestAssured.jsonSchema_Validator" name="jsonSchemaValidation" time="2.462"/>
</testsuite> <!-- HttpMethods_RestAssured.jsonSchema_Validator -->
