<?xml version="1.0" encoding="UTF-8"?>
<!-- Generated by org.testng.reporters.JUnitReportReporter -->
<testsuite hostname="MacBook-Pro16" failures="0" tests="1" name="HttpMethods_RestAssured.Query_pathParam" time="1.953" errors="0" timestamp="2024-08-18T20:59:22 EDT" skipped="0">
  <testcase classname="HttpMethods_RestAssured.Query_pathParam" name="pathParam" time="1.953"/>
</testsuite> <!-- HttpMethods_RestAssured.Query_pathParam -->
