<?xml version="1.0" encoding="UTF-8"?>
<!-- Generated by org.testng.reporters.JUnitReportReporter -->
<testsuite hostname="MacBook-Pro16" failures="0" tests="2" name="HttpMethods_RestAssured.DifferentWaysOfPostRequest" time="1.982" errors="0" timestamp="2024-08-17T00:00:38 EDT" skipped="0">
  <testcase classname="HttpMethods_RestAssured.DifferentWaysOfPostRequest" name="testPostExternalFile" time="1.954"/>
  <testcase classname="HttpMethods_RestAssured.DifferentWaysOfPostRequest" name="testDelete" time="0.028"/>
</testsuite> <!-- HttpMethods_RestAssured.DifferentWaysOfPostRequest -->
