<?xml version="1.0" encoding="UTF-8"?>
<!-- Generated by org.testng.reporters.JUnitReportReporter -->
<testsuite hostname="MacBook-Pro16" failures="0" tests="2" name="HttpMethods_RestAssured.responseValidations" time="2.775" errors="0" timestamp="2024-08-20T22:21:19 EDT" skipped="0">
  <testcase classname="HttpMethods_RestAssured.responseValidations" name="responseValidations" time="2.753"/>
  <testcase classname="HttpMethods_RestAssured.responseValidations" name="testbyTotalPrice" time="0.022"/>
</testsuite> <!-- HttpMethods_RestAssured.responseValidations -->
