<?xml version="1.0" encoding="UTF-8"?>
<!-- Generated by org.testng.reporters.JUnitReportReporter -->
<testsuite hostname="MacBook-Pro16" failures="0" tests="1" name="HttpMethods_RestAssured.getCookies" time="2.151" errors="0" timestamp="2024-08-18T21:27:25 EDT" skipped="0">
  <testcase classname="HttpMethods_RestAssured.getCookies" name="getCookies" time="2.151"/>
</testsuite> <!-- HttpMethods_RestAssured.getCookies -->
