<?xml version="1.0" encoding="UTF-8"?>
<!-- Generated by org.testng.reporters.JUnitReportReporter -->
<testsuite hostname="MacBook-Pro16" failures="0" tests="2" name="HttpMethods_RestAssured.Serialization" time="0.329" errors="0" timestamp="2024-08-21T14:08:47 EDT" skipped="0">
  <testcase classname="HttpMethods_RestAssured.Serialization" name="serializationTest" time="0.285"/>
  <testcase classname="HttpMethods_RestAssured.Serialization" name="deserializationTest" time="0.044"/>
</testsuite> <!-- HttpMethods_RestAssured.Serialization -->
